TEST_NET_Y0000000009_26OUqTzrzv0_S00411
46
14
42
TEST_NET_Y0000000024_6kiCnGm7v2g_S00151
niren_20
44
TEST_NET_Y0000000083_dJ7IdBKhU1w_S00273
TEST_NET_Y0000000012_38miTB0gDQs_S00246
TEST_NET_Y0000000068_VcCvuzqIoN4_S00054
TEST_NET_Y0000000060_R9wac8rqzQE_S00217
20
TEST_NET_Y0000000024_6kiCnGm7v2g_S00025
TEST_NET_Y0000000012_38miTB0gDQs_S00246
TEST_NET_Y0000000065_TGm7JS2Zojc_S00291
TEST_NET_Y0000000122_zb0dLCYAFug_S00141
15
TEST_NET_Y0000000099_oxYuRZqm8UY_S00145
16
niren_20
46
TEST_NET_Y0000000122_zb0dLCYAFug_S00017
