aishell3-SSB07580454_46
aishell3-SSB07580454
aslp-LY-0
aslp-LY-0
aslp-ZYM-0
aslp-ZYM-0
TEST_NET_Y0000000035_DJVtW_x0Y1k_S00131
TEST_NET_Y0000000035_DJVtW_x0Y1k_S00131
TEST_NET_Y0000000076_a7UyOEAf4vE_S00023
TEST_NET_Y0000000076_a7UyOEAf4vE_S00023
TEST_NET_Y0000000079_c8wYYtEI3V8_S00057
TEST_NET_Y0000000079_c8wYYtEI3V8_S00057
TEST_NET_Y0000000107_sDl0nK4o-gM_S00073
TEST_NET_Y0000000107_sDl0nK4o-gM_S00073
X0000007425_15414268_S00072-S00073
X0000007425_15414268_S00072-S00073
X0000008536_390008536_S00167-S00168
X0000008536_390008536_S00167-S00168
X0000013521_91439019_S00091-S00092
X0000013521_91439019_S00091-S00092
Y0000014489_agvDSu1cMvA_S00192-S00193
Y0000014489_agvDSu1cMvA_S00192-S00193
